[debug] [2017-08-02T05:13:44.972Z] ----------------------------------------------------------------------
[debug] [2017-08-02T05:13:44.978Z] Command:      /usr/local/bin/node /usr/local/bin/firebase serve --project test-daef2
[debug] [2017-08-02T05:13:44.979Z] CLI Version:  3.9.1
[debug] [2017-08-02T05:13:44.979Z] Platform:     darwin
[debug] [2017-08-02T05:13:44.979Z] Node Version: v6.10.3
[debug] [2017-08-02T05:13:44.980Z] Time:         Tue Aug 01 2017 22:13:44 GMT-0700 (PDT)
[debug] [2017-08-02T05:13:44.981Z] ----------------------------------------------------------------------
[debug] 
[debug] [2017-08-02T05:13:45.008Z] > command requires scopes: ["email","openid","https://www.googleapis.com/auth/cloudplatformprojects.readonly","https://www.googleapis.com/auth/firebase","https://www.googleapis.com/auth/cloud-platform"]
[debug] [2017-08-02T05:13:45.009Z] > authorizing via signed-in user
[debug] [2017-08-02T05:13:45.011Z] >>> HTTP REQUEST GET https://admin.firebase.com/v1/projects/test-daef2  
 Tue Aug 01 2017 22:13:45 GMT-0700 (PDT)
[debug] [2017-08-02T05:13:46.157Z] <<< HTTP RESPONSE 200
[debug] [2017-08-02T05:13:46.158Z] >>> HTTP REQUEST GET https://admin.firebase.com/v1/database/test-daef2/tokens  
 Tue Aug 01 2017 22:13:46 GMT-0700 (PDT)
[debug] [2017-08-02T05:13:46.629Z] <<< HTTP RESPONSE 200
[info] 
[info] === Serving from '/Users/janicechan/git/Project/Web App'...
[info] 
[debug] [2017-08-02T05:13:46.635Z] >>> HTTP REQUEST GET https://cloudresourcemanager.googleapis.com/v1/projects/test-daef2  
 Tue Aug 01 2017 22:13:46 GMT-0700 (PDT)
[debug] [2017-08-02T05:13:47.093Z] <<< HTTP RESPONSE 200
[debug] [2017-08-02T05:13:47.093Z] >>> HTTP REQUEST GET https://mobilesdk-pa.googleapis.com/v1/projects/225539781616/clients/_:getWebAppConfig  
 Tue Aug 01 2017 22:13:47 GMT-0700 (PDT)
[debug] [2017-08-02T05:13:47.650Z] <<< HTTP RESPONSE 200
[info] i  hosting: Serving hosting files from: public
[info] ✔  hosting: Local server: http://localhost:5000

